<?xml version="1.0" encoding="UTF-8"?>
<testng-results ignored="0" total="1" passed="1" failed="0" skipped="0">
  <reporter-output>
  </reporter-output>
  <suite started-at="2025-10-29T00:39:14 IST" name="Master Suite" finished-at="2025-10-29T00:39:23 IST" duration-ms="9570">
    <groups>
    </groups>
    <test started-at="2025-10-29T00:39:14 IST" name="Test" finished-at="2025-10-29T00:39:23 IST" duration-ms="9570">
      <class name="testCases.TC002_LoginTest">
        <test-method is-config="true" signature="setUp(java.lang.String,java.lang.String)[pri:0, instance:testCases.TC002_LoginTest@1fa1cab1]" started-at="2025-10-29T00:39:14 IST" name="setUp" finished-at="2025-10-29T00:39:22 IST" duration-ms="7708" status="PASS">
          <params>
            <param index="0">
              <value>
                <![CDATA[MacOS]]>
              </value>
            </param>
            <param index="1">
              <value>
                <![CDATA[chrome]]>
              </value>
            </param>
          </params>
          <reporter-output>
          </reporter-output>
        </test-method> <!-- setUp -->
        <test-method signature="verify_Login()[pri:0, instance:testCases.TC002_LoginTest@1fa1cab1]" started-at="2025-10-29T00:39:22 IST" name="verify_Login" finished-at="2025-10-29T00:39:23 IST" duration-ms="1742" status="PASS">
          <reporter-output>
          </reporter-output>
        </test-method> <!-- verify_Login -->
        <test-method is-config="true" signature="tearDown()[pri:0, instance:testCases.TC002_LoginTest@1fa1cab1]" started-at="2025-10-29T00:39:23 IST" name="tearDown" finished-at="2025-10-29T00:39:23 IST" duration-ms="102" status="PASS">
          <reporter-output>
          </reporter-output>
        </test-method> <!-- tearDown -->
      </class> <!-- testCases.TC002_LoginTest -->
    </test> <!-- Test -->
  </suite> <!-- Master Suite -->
</testng-results>
